<?xml version="1.0" encoding="UTF-8"?>
<!-- Generated by org.testng.reporters.JUnitReportReporter -->
<testsuite hostname="Sarang" failures="0" tests="2" name="appiumTests.Tests" time="4.761" errors="0" timestamp="2023-01-20T13:27:32 CST" skipped="1">
  <testcase classname="appiumTests.Tests" name="scrollMenu" time="4.761"/>
  <system-out/>
  <testcase classname="appiumTests.Tests" name="testApk">
    <skipped/>
  </testcase> <!-- testApk -->
  <system-out/>
</testsuite> <!-- appiumTests.Tests -->
